<?xml version="1.0" encoding="UTF-8"?>
<beans xmlns="http://www.springframework.org/schema/beans"
	xmlns:xsi="http://www.w3.org/2001/XMLSchema-instance" xmlns:context="http://www.springframework.org/schema/context"
	xsi:schemaLocation="
	http://www.springframework.org/schema/beans http://www.springframework.org/schema/beans/spring-beans.xsd
	http://www.springframework.org/schema/context http://www.springframework.org/schema/context/spring-context.xsd
	">

	<context:annotation-config />
	
	<bean id="applicationProperties" class="java.util.Properties" />
	
	<!-- Server Context -->
	<bean id="serverContext" class="org.traccar.context.Context">
	    <property name="properties" ref="applicationProperties" />
		<property name="dataManager" ref="dataManager" />
		<property name="dataCache" ref="dataCache" />
	</bean>

	<bean id="contextFactory" class="org.springframework.beans.factory.config.MethodInvokingBean">
		<property name="targetClass" value="org.traccar.ContextFactory" />
		<property name="targetMethod" value="setContext" />
		<property name="arguments" ref="serverContext" />
	</bean>
	
	<!-- Data managers -->
	<alias name="testDataManager" alias="dataManager"/>
	<bean id="testDataManager" class="org.traccar.helper.TestDataManager" />
	
	<bean id="dataCache" class="org.traccar.database.DataCache">
		<constructor-arg ref="dataManager" />
	</bean>
	
</beans>